# JRE version: OpenJDK Runtime Environment (8.0_242-b01) (build 1.8.0_242-release-1644-b01)
# Java VM: OpenJDK 64-Bit Server VM (25.242-b01 mixed mode windows-amd64 compressed oops)
Heap:
 PSYoungGen      total 396800K, used 6374K [0x00000000e0000000, 0x00000000ffd00000, 0x0000000100000000)
  eden space 275456K, 0% used [0x00000000e0000000,0x00000000e0000000,0x00000000f0d00000)
  from space 121344K, 5% used [0x00000000f8680000,0x00000000f8cb9a98,0x00000000ffd00000)
  to   space 122880K, 0% used [0x00000000f0d00000,0x00000000f0d00000,0x00000000f8500000)
 ParOldGen       total 338944K, used 288837K [0x00000000a0000000, 0x00000000b4b00000, 0x00000000e0000000)
  object space 338944K, 85% used [0x00000000a0000000,0x00000000b1a11758,0x00000000b4b00000)
 Metaspace       used 172603K, capacity 181644K, committed 181912K, reserved 1208320K
  class space    used 21896K, capacity 23670K, committed 23728K, reserved 1048576K
GC Heap History (10 events):
Event: 14879.677 GC heap after
Heap after GC invocations=46 (full 6):
 PSYoungGen      total 381440K, used 67921K [0x00000000e0000000, 0x0000000100000000, 0x0000000100000000)
  eden space 273408K, 0% used [0x00000000e0000000,0x00000000e0000000,0x00000000f0b00000)
  from space 108032K, 62% used [0x00000000f9680000,0x00000000fd8d4548,0x0000000100000000)
  to   space 125440K, 0% used [0x00000000f0b00000,0x00000000f0b00000,0x00000000f8580000)
 ParOldGen       total 338944K, used 211112K [0x00000000a0000000, 0x00000000b4b00000, 0x00000000e0000000)
  object space 338944K, 62% used [0x00000000a0000000,0x00000000ace2a218,0x00000000b4b00000)
 Metaspace       used 167895K, capacity 176864K, committed 177176K, reserved 1204224K
  class space    used 21309K, capacity 23074K, committed 23088K, reserved 1048576K
}
Event: 14880.154 GC heap before
{Heap before GC invocations=47 (full 6):
 PSYoungGen      total 381440K, used 341329K [0x00000000e0000000, 0x0000000100000000, 0x0000000100000000)
  eden space 273408K, 100% used [0x00000000e0000000,0x00000000f0b00000,0x00000000f0b00000)
  from space 108032K, 62% used [0x00000000f9680000,0x00000000fd8d4548,0x0000000100000000)
  to   space 125440K, 0% used [0x00000000f0b00000,0x00000000f0b00000,0x00000000f8580000)
 ParOldGen       total 338944K, used 211112K [0x00000000a0000000, 0x00000000b4b00000, 0x00000000e0000000)
  object space 338944K, 62% used [0x00000000a0000000,0x00000000ace2a218,0x00000000b4b00000)
 Metaspace       used 168922K, capacity 177946K, committed 178200K, reserved 1204224K
  class space    used 21462K, capacity 23239K, committed 23344K, reserved 1048576K
Event: 14880.244 GC heap after
Heap after GC invocations=47 (full 6):
 PSYoungGen      total 398848K, used 29251K [0x00000000e0000000, 0x0000000100000000, 0x0000000100000000)
  eden space 273408K, 0% used [0x00000000e0000000,0x00000000e0000000,0x00000000f0b00000)
  from space 125440K, 23% used [0x00000000f0b00000,0x00000000f2790f60,0x00000000f8580000)
  to   space 122880K, 0% used [0x00000000f8800000,0x00000000f8800000,0x0000000100000000)
 ParOldGen       total 338944K, used 253645K [0x00000000a0000000, 0x00000000b4b00000, 0x00000000e0000000)
  object space 338944K, 74% used [0x00000000a0000000,0x00000000af7b34f8,0x00000000b4b00000)
 Metaspace       used 168922K, capacity 177946K, committed 178200K, reserved 1204224K
  class space    used 21462K, capacity 23239K, committed 23344K, reserved 1048576K
}
Event: 14880.779 GC heap before
{Heap before GC invocations=48 (full 6):
 PSYoungGen      total 398848K, used 302659K [0x00000000e0000000, 0x0000000100000000, 0x0000000100000000)
  eden space 273408K, 100% used [0x00000000e0000000,0x00000000f0b00000,0x00000000f0b00000)
  from space 125440K, 23% used [0x00000000f0b00000,0x00000000f2790f60,0x00000000f8580000)
  to   space 122880K, 0% used [0x00000000f8800000,0x00000000f8800000,0x0000000100000000)
 ParOldGen       total 338944K, used 253645K [0x00000000a0000000, 0x00000000b4b00000, 0x00000000e0000000)
  object space 338944K, 74% used [0x00000000a0000000,0x00000000af7b34f8,0x00000000b4b00000)
 Metaspace       used 170456K, capacity 179450K, committed 179608K, reserved 1206272K
  class space    used 21610K, capacity 23373K, committed 23472K, reserved 1048576K
Event: 14880.824 GC heap after
Heap after GC invocations=48 (full 6):
 PSYoungGen      total 398336K, used 5014K [0x00000000e0000000, 0x0000000100000000, 0x0000000100000000)
  eden space 275456K, 0% used [0x00000000e0000000,0x00000000e0000000,0x00000000f0d00000)
  from space 122880K, 4% used [0x00000000f8800000,0x00000000f8ce5b08,0x0000000100000000)
  to   space 124416K, 0% used [0x00000000f0d00000,0x00000000f0d00000,0x00000000f8680000)
 ParOldGen       total 338944K, used 281661K [0x00000000a0000000, 0x00000000b4b00000, 0x00000000e0000000)
  object space 338944K, 83% used [0x00000000a0000000,0x00000000b130f578,0x00000000b4b00000)
 Metaspace       used 170456K, capacity 179450K, committed 179608K, reserved 1206272K
  class space    used 21610K, capacity 23373K, committed 23472K, reserved 1048576K
}
Event: 14881.298 GC heap before
{Heap before GC invocations=49 (full 6):
 PSYoungGen      total 398336K, used 280470K [0x00000000e0000000, 0x0000000100000000, 0x0000000100000000)
  eden space 275456K, 100% used [0x00000000e0000000,0x00000000f0d00000,0x00000000f0d00000)
  from space 122880K, 4% used [0x00000000f8800000,0x00000000f8ce5b08,0x0000000100000000)
  to   space 124416K, 0% used [0x00000000f0d00000,0x00000000f0d00000,0x00000000f8680000)
 ParOldGen       total 338944K, used 281661K [0x00000000a0000000, 0x00000000b4b00000, 0x00000000e0000000)
  object space 338944K, 83% used [0x00000000a0000000,0x00000000b130f578,0x00000000b4b00000)
 Metaspace       used 171879K, capacity 180868K, committed 181016K, reserved 1206272K
  class space    used 21813K, capacity 23566K, committed 23600K, reserved 1048576K
Event: 14881.316 GC heap after
Heap after GC invocations=49 (full 6):
 PSYoungGen      total 399872K, used 5876K [0x00000000e0000000, 0x0000000100000000, 0x0000000100000000)
  eden space 275456K, 0% used [0x00000000e0000000,0x00000000e0000000,0x00000000f0d00000)
  from space 124416K, 4% used [0x00000000f0d00000,0x00000000f12bd0d0,0x00000000f8680000)
  to   space 124416K, 0% used [0x00000000f8680000,0x00000000f8680000,0x0000000100000000)
 ParOldGen       total 338944K, used 284909K [0x00000000a0000000, 0x00000000b4b00000, 0x00000000e0000000)
  object space 338944K, 84% used [0x00000000a0000000,0x00000000b163b588,0x00000000b4b00000)
 Metaspace       used 171879K, capacity 180868K, committed 181016K, reserved 1206272K
  class space    used 21813K, capacity 23566K, committed 23600K, reserved 1048576K
}
Event: 14881.750 GC heap before
{Heap before GC invocations=50 (full 6):
 PSYoungGen      total 399872K, used 281332K [0x00000000e0000000, 0x0000000100000000, 0x0000000100000000)
  eden space 275456K, 100% used [0x00000000e0000000,0x00000000f0d00000,0x00000000f0d00000)
  from space 124416K, 4% used [0x00000000f0d00000,0x00000000f12bd0d0,0x00000000f8680000)
  to   space 124416K, 0% used [0x00000000f8680000,0x00000000f8680000,0x0000000100000000)
 ParOldGen       total 338944K, used 284909K [0x00000000a0000000, 0x00000000b4b00000, 0x00000000e0000000)
  object space 338944K, 84% used [0x00000000a0000000,0x00000000b163b588,0x00000000b4b00000)
 Metaspace       used 172603K, capacity 181644K, committed 181912K, reserved 1208320K
  class space    used 21896K, capacity 23670K, committed 23728K, reserved 1048576K
Event: 14881.770 GC heap after
Heap after GC invocations=50 (full 6):
 PSYoungGen      total 396800K, used 6374K [0x00000000e0000000, 0x00000000ffd00000, 0x0000000100000000)
  eden space 275456K, 0% used [0x00000000e0000000,0x00000000e0000000,0x00000000f0d00000)
  from space 121344K, 5% used [0x00000000f8680000,0x00000000f8cb9a98,0x00000000ffd00000)
  to   space 122880K, 0% used [0x00000000f0d00000,0x00000000f0d00000,0x00000000f8500000)
 ParOldGen       total 338944K, used 288837K [0x00000000a0000000, 0x00000000b4b00000, 0x00000000e0000000)
  object space 338944K, 85% used [0x00000000a0000000,0x00000000b1a11758,0x00000000b4b00000)
 Metaspace       used 172603K, capacity 181644K, committed 181912K, reserved 1208320K
  class space    used 21896K, capacity 23670K, committed 23728K, reserved 1048576K
}
Event: 14881.770 GC heap before
{Heap before GC invocations=51 (full 7):
 PSYoungGen      total 396800K, used 6374K [0x00000000e0000000, 0x00000000ffd00000, 0x0000000100000000)
  eden space 275456K, 0% used [0x00000000e0000000,0x00000000e0000000,0x00000000f0d00000)
  from space 121344K, 5% used [0x00000000f8680000,0x00000000f8cb9a98,0x00000000ffd00000)
  to   space 122880K, 0% used [0x00000000f0d00000,0x00000000f0d00000,0x00000000f8500000)
 ParOldGen       total 338944K, used 288837K [0x00000000a0000000, 0x00000000b4b00000, 0x00000000e0000000)
  object space 338944K, 85% used [0x00000000a0000000,0x00000000b1a11758,0x00000000b4b00000)
 Metaspace       used 172603K, capacity 181644K, committed 181912K, reserved 1208320K
  class space    used 21896K, capacity 23670K, committed 23728K, reserved 1048576K

